11:31:30 **** Incremental Build of configuration Debug for project fsbl ****
make pre-build main-build 
a9-linaro-pre-build-step
 
make: Nie ma nic do zrobienia w 'main-build'.
11:34:44 **** Auto Build of configuration Debug for project fsbl ****
make pre-build main-build 
a9-linaro-pre-build-step
 
make: Nie ma nic do zrobienia w 'main-build'.
12:01:50 **** Auto Build of project device_tree_bsp_0 ****
make -k all 
make: Nie ma nic do zrobienia w 'all'.
12:06:45 **** Auto Build of project device_tree_bsp_0 ****
make -k all 
make: Nie ma nic do zrobienia w 'all'.
12:07:25 **** Auto Build of project device_tree_bsp_0 ****
make -k all 
make: Nie ma nic do zrobienia w 'all'.
11:52:07 **** Auto Build of project device_tree_bsp_0 ****
make -k all 
make: Nie ma nic do zrobienia w 'all'.
11:52:53 **** Auto Build of project device_tree_bsp_0 ****
make -k all 
make: Nie ma nic do zrobienia w 'all'.
11:54:02 **** Auto Build of project device_tree_bsp_0 ****
make -k all 
make: Nie ma nic do zrobienia w 'all'.
11:59:29 **** Auto Build of project device_tree_bsp_0 ****
make -k all 
make: Nie ma nic do zrobienia w 'all'.
