12:40:12 INFO  : Registering command handlers for SDK TCF services
12:40:14 INFO  : Launching XSCT server: xsct -n -interactive /home/ja/project_1/project_1.sdk/temp_xsdb_launch_script.tcl
12:40:19 INFO  : XSCT server has started successfully.
12:40:19 INFO  : Successfully done setting XSCT server connection channel  
12:40:20 INFO  : Successfully done setting SDK workspace  
12:40:20 INFO  : Processing command line option -hwspec /home/ja/project_1/project_1.sdk/design_1_wrapper.hdf.
12:43:27 INFO  : Saving repository preferences.
12:43:27 INFO  : Reading in cores from local repositories: 
		 /home/ja/zed/device-tree-xlnx
12:43:27 INFO  : Cleaning BSP projects in the workspace.
10:53:36 INFO  : SDK has detected change in the last modified timestamps for source hardware specification file Source:1592038233000,  Project:1591952479000
10:53:36 INFO  : Project design_1_wrapper_hw_platform_0's source hardware specification located at /home/ja/project_1/project_1.sdk/design_1_wrapper.hdf is now different from the local copy.
		 The local copy will be replaced with the source specification and your workspace will be updated.
10:53:48 INFO  : Copied contents of /home/ja/project_1/project_1.sdk/design_1_wrapper.hdf into /design_1_wrapper_hw_platform_0/system.hdf.
10:53:55 INFO  : Synchronizing projects in the workspace with the hardware platform specification changes.
10:54:01 INFO  : 
10:54:02 INFO  : Clearing existing target manager status.
10:54:02 INFO  : Closing and re-opening the MSS file of ther project device_tree_bsp_0
10:54:04 INFO  : Closing and re-opening the MSS file of ther project device_tree_bsp_0
10:54:04 INFO  : Closing and re-opening the MSS file of ther project device_tree_bsp_0
10:54:04 INFO  : Closing and re-opening the MSS file of ther project device_tree_bsp_0
10:54:05 INFO  : Closing and re-opening the MSS file of ther project device_tree_bsp_0
10:54:05 INFO  : Closing and re-opening the MSS file of ther project device_tree_bsp_0
10:54:05 INFO  : Workspace synchronized with the new hardware specification file. Cleaning dependent projects...
10:54:05 WARN  : Linker script will not be updated automatically. Users need to update it manually.
